TN:
SF:src/hooks/useHistory.ts
FN:5,useHistory
FN:6,getAll
FN:14,save
FN:19,getById
FN:20,(anonymous_4)
FNF:5
FNH:5
FNDA:6,useHistory
FNDA:10,getAll
FNDA:4,save
FNDA:2,getById
FNDA:1,(anonymous_4)
DA:3,1
DA:7,10
DA:8,10
DA:10,1
DA:15,4
DA:16,4
DA:20,2
DA:23,6
LF:8
LH:8
BRDA:8,0,0,10
BRDA:8,0,1,5
BRF:2
BRH:2
end_of_record
TN:
SF:src/utils/gameLogic.ts
FN:3,shuffle
FN:12,makePairs
FN:21,makeSeededPairs
FN:25,(anonymous_3)
FN:28,roundRobin
FN:54,distribute
FN:55,(anonymous_6)
FN:57,(anonymous_7)
FN:64,generateId
FN:68,generateTournament
FNF:10
FNH:10
FNDA:14,shuffle
FNDA:4,makePairs
FNDA:4,makeSeededPairs
FNDA:9,(anonymous_3)
FNDA:12,roundRobin
FNDA:7,distribute
FNDA:11,(anonymous_6)
FNDA:17,(anonymous_7)
FNDA:107,generateId
FNDA:5,generateTournament
DA:4,14
DA:5,14
DA:6,31
DA:7,31
DA:9,14
DA:13,4
DA:14,4
DA:15,4
DA:16,9
DA:18,4
DA:22,4
DA:23,4
DA:24,4
DA:25,9
DA:29,12
DA:31,10
DA:32,10
DA:34,10
DA:35,10
DA:37,10
DA:38,20
DA:39,20
DA:40,35
DA:41,35
DA:42,35
DA:43,35
DA:46,20
DA:48,20
DA:51,10
DA:55,11
DA:57,17
DA:65,107
DA:77,5
DA:80,5
DA:81,2
DA:82,3
DA:83,1
DA:85,2
DA:88,5
DA:89,5
DA:91,5
LF:41
LH:41
BRDA:29,0,0,2
BRDA:29,0,1,10
BRDA:32,1,0,0
BRDA:32,1,1,10
BRDA:42,2,0,35
BRDA:42,2,1,0
BRDA:42,3,0,35
BRDA:42,3,1,35
BRDA:80,4,0,2
BRDA:80,4,1,3
BRDA:82,5,0,1
BRDA:82,5,1,2
BRDA:89,6,0,5
BRDA:89,6,1,2
BRDA:97,7,0,2
BRDA:97,7,1,3
BRDA:99,8,0,5
BRDA:99,8,1,2
BRDA:101,9,0,5
BRDA:101,9,1,1
BRF:20
BRH:18
end_of_record
TN:
SF:src/utils/validation.ts
FN:8,validate
FNF:1
FNH:1
FNDA:10,validate
DA:9,10
DA:10,10
DA:12,10
DA:13,1
DA:16,10
DA:17,4
DA:18,1
DA:19,3
DA:20,1
DA:24,10
DA:25,2
DA:26,1
DA:30,10
DA:31,4
DA:32,1
DA:34,4
DA:35,1
DA:37,4
DA:42,1
DA:48,10
LF:20
LH:20
BRDA:12,0,0,1
BRDA:12,0,1,9
BRDA:16,1,0,4
BRDA:16,1,1,6
BRDA:17,2,0,1
BRDA:17,2,1,3
BRDA:19,3,0,1
BRDA:19,3,1,2
BRDA:24,4,0,2
BRDA:24,4,1,8
BRDA:25,5,0,1
BRDA:25,5,1,1
BRDA:30,6,0,4
BRDA:30,6,1,6
BRDA:31,7,0,1
BRDA:31,7,1,3
BRDA:34,8,0,1
BRDA:34,8,1,3
BRDA:37,9,0,1
BRDA:37,9,1,3
BRDA:38,10,0,4
BRDA:38,10,1,3
BRDA:38,10,2,2
BRF:23
BRH:23
end_of_record
